TN:
SF:src/cli.js
FN:8,parseArgumentsIntoOptions
FN:25,cli
FN:33,(anonymous_2)
FN:34,(anonymous_3)
FNF:4
FNH:0
FNDA:0,parseArgumentsIntoOptions
FNDA:0,cli
FNDA:0,(anonymous_2)
FNDA:0,(anonymous_3)
DA:10,0
DA:19,0
DA:26,0
DA:27,0
DA:28,0
DA:29,0
DA:32,0
DA:33,0
DA:34,0
LF:9
LH:0
BRDA:20,0,0,0
BRDA:20,0,1,0
BRDA:20,0,2,0
BRDA:27,1,0,0
BRDA:27,1,1,0
BRF:5
BRH:0
end_of_record
TN:
SF:src/scrapper.js
FN:8,(anonymous_0)
FN:30,(anonymous_1)
FNF:2
FNH:0
FNDA:0,(anonymous_0)
FNDA:0,(anonymous_1)
DA:8,0
DA:9,0
DA:10,0
DA:11,0
DA:14,0
DA:18,0
DA:21,0
DA:27,0
DA:30,0
DA:31,0
DA:33,0
DA:34,0
DA:35,0
DA:36,0
DA:37,0
DA:40,0
DA:42,0
DA:43,0
DA:44,0
DA:48,0
DA:55,0
LF:21
LH:0
BRDA:8,0,0,0
BRDA:10,1,0,0
BRDA:10,1,1,0
BRDA:14,2,0,0
BRDA:14,2,1,0
BRDA:35,3,0,0
BRDA:35,3,1,0
BRF:7
BRH:0
end_of_record
